
    The Taxi Problem
    from "Hierarchical Reinforcement Learning with the MAXQ Value Function Decomposition"
    by Tom Dietterich

    rendering:
    - blue: passenger
    - magenta: destination
    - yellow: empty taxi
    - green: full taxi
    - other letters: locations

    
[INFO] Value interation converges at 283 iteration.
[1] Optimal value function: 
 [ 379.     273.301  304.988  258.636  195.604  273.301  174.582  206.951
  244.705  195.604  304.988  206.951  174.582  195.604  174.582  258.636
  400.     288.738  322.092  273.301  359.05   258.636  288.738  244.705
  206.951  288.738  184.823  218.896  231.469  184.823  288.738  195.604
  184.823  206.951  184.823  273.301  379.     304.988  304.988  288.738
  304.988  218.896  244.705  206.951  244.705  340.097  218.896  258.636
  218.896  174.582  273.301  184.823  195.604  218.896  195.604  288.738
  322.092  359.05   288.738  304.988  288.738  206.951  231.469  195.604
  258.636  359.05   231.469  273.301  206.951  164.853  258.636  174.582
  206.951  231.469  206.951  304.988  304.988  379.     273.302  322.092
  273.302  195.604  218.896  184.823  273.302  379.     244.705  288.738
  195.604  155.61   244.705  164.853  195.604  218.896  195.604  288.738
  288.738  400.     258.636  304.988  359.05   258.636  288.738  244.705
  206.951  288.738  184.823  218.896  258.636  206.951  322.092  218.896
  184.823  206.951  184.823  273.301  379.     304.988  340.097  288.738
  340.097  244.705  273.301  231.469  218.896  304.988  195.604  231.469
  244.705  195.604  304.988  206.951  195.604  218.896  195.604  288.738
  359.05   322.092  322.092  304.988  322.092  231.469  258.636  218.896
  231.469  322.092  206.951  244.705  231.469  184.823  288.738  195.604
  206.951  231.469  206.951  304.988  340.097  340.097  304.988  322.092
  304.988  218.896  244.705  206.951  244.705  340.097  218.896  258.636
  218.896  174.582  273.302  184.823  218.896  244.705  218.896  322.092
  322.092  359.05   288.738  340.097  288.738  206.951  231.469  195.604
  258.636  359.05   231.469  273.301  206.951  164.853  258.636  174.582
  206.951  231.469  206.951  304.988  304.988  379.     273.302  322.092
  340.097  244.705  273.301  231.469  195.604  273.301  174.582  206.951
  273.302  218.896  340.097  231.469  195.604  218.896  195.604  288.738
  359.05   288.738  359.05   304.988  322.092  231.469  258.636  218.896
  206.951  288.738  184.823  218.896  258.636  206.951  322.092  218.896
  206.951  231.469  206.951  304.988  340.097  304.988  340.097  322.092
  304.988  218.896  244.705  206.951  218.896  304.988  195.604  231.469
  244.705  195.604  304.988  206.951  218.896  244.705  218.896  322.092
  322.092  322.092  322.092  340.097  288.738  206.951  231.469  195.604
  231.469  322.092  206.951  244.705  231.469  184.823  288.738  195.604
  231.469  258.636  231.469  340.097  304.988  340.097  304.988  359.05
  273.302  195.604  218.896  184.823  244.705  340.097  218.896  258.636
  218.896  174.582  273.302  184.823  218.896  244.705  218.896  322.092
  288.738  359.05   288.738  340.097  322.092  231.469  258.636  218.896
  184.823  258.636  164.853  195.604  288.738  231.469  359.05   244.705
  184.823  206.951  184.823  273.301  340.097  273.302  379.     288.738
  304.988  218.896  244.705  206.951  195.604  273.302  174.582  206.951
  244.705  195.604  304.988  206.951  195.604  218.896  195.604  288.738
  322.092  288.738  322.092  304.988  288.738  206.951  231.469  195.604
  206.951  288.738  184.823  218.896  231.469  184.823  288.738  195.604
  206.951  231.469  206.951  304.988  304.988  304.988  304.988  322.092
  273.302  195.604  218.896  184.823  218.896  304.988  195.604  231.469
  218.896  174.582  273.302  184.823  244.705  273.302  244.705  359.05
  288.738  322.092  288.738  379.     258.636  184.823  206.951  174.582
  231.469  322.092  206.951  244.705  206.951  164.853  258.636  174.582
  231.469  258.636  231.469  340.097  273.302  340.097  273.302  359.05
  304.988  218.896  244.705  206.951  174.582  244.705  155.61   184.823
  304.988  244.705  379.     258.636  174.582  195.604  174.582  258.636
  322.092  258.636  400.     273.301  288.738  206.951  231.469  195.604
  184.823  258.636  164.853  195.604  231.469  184.823  288.738  195.604
  184.823  206.951  184.823  273.301  304.988  273.302  304.988  288.738
  273.302  195.604  218.896  184.823  195.604  273.302  174.582  206.951
  218.896  174.582  273.302  184.823  195.604  218.896  195.604  288.738
  288.738  288.738  288.738  304.988  258.636  184.823  206.951  174.582
  206.951  288.738  184.823  218.896  206.951  164.853  258.636  174.582
  258.636  288.738  258.636  379.     273.302  304.988  273.302  400.
  244.705  174.582  195.604  164.853  218.896  304.988  195.604  231.469
  195.604  155.61   244.705  164.853  244.705  273.302  244.705  359.05
  258.636  322.092  258.636  379.   ]
[2] Optimal policy: 
 [4 4 4 4 0 0 0 0 0 0 0 0 0 0 0 0 5 0 0 0 3 3 3 3 0 0 0 0 0 0 0 0 0 0 0 0 3
 0 0 0 0 0 0 0 2 2 2 2 0 0 0 0 0 0 0 0 0 2 0 0 0 0 0 0 2 2 2 2 0 0 0 0 0 0
 0 0 0 2 0 0 0 0 0 0 4 4 4 4 0 0 0 0 0 0 0 0 0 5 0 0 1 1 1 1 2 2 2 2 0 0 0
 0 0 0 0 0 1 2 0 0 1 1 1 1 2 2 2 2 0 0 0 0 0 0 0 0 1 2 0 0 3 3 3 3 2 2 2 2
 0 0 0 0 0 0 0 0 3 2 0 0 3 3 3 3 2 2 2 2 0 0 0 0 0 0 0 0 3 2 0 0 3 3 3 3 1
 1 1 1 0 0 0 0 0 0 0 0 3 1 0 0 1 1 1 1 2 2 2 2 0 0 0 0 2 2 2 2 1 2 0 2 1 1
 1 1 2 2 2 2 3 3 3 3 2 2 2 2 1 2 3 2 1 1 1 1 2 2 2 2 3 3 3 3 2 2 2 2 1 2 3
 2 1 1 1 1 2 2 2 2 3 3 3 3 0 0 0 0 1 2 3 0 1 1 1 1 1 1 1 1 3 3 3 3 0 0 0 0
 1 1 3 0 1 1 1 1 1 1 1 1 0 0 0 0 1 1 1 1 1 1 0 1 1 1 1 1 2 2 2 2 1 1 1 1 2
 2 2 2 1 2 1 2 1 1 1 1 1 1 1 1 1 1 1 1 1 1 1 1 1 1 1 1 1 1 1 1 2 2 2 2 1 1
 1 1 0 0 0 0 1 2 1 0 1 1 1 1 1 1 1 1 1 1 1 1 0 0 0 0 1 1 1 0 1 1 1 1 1 1 1
 1 4 4 4 4 1 1 1 1 1 1 5 1 1 1 1 1 2 2 2 2 1 1 1 1 2 2 2 2 1 2 1 2 1 1 1 1
 1 1 1 1 1 1 1 1 1 1 1 1 1 1 1 1 1 1 1 1 2 2 2 2 1 1 1 1 4 4 4 4 1 2 1 5 1
 1 1 1 1 1 1 1 1 1 1 1 3 3 3 3 1 1 1 3]
[3] Average rewards after 100 episodes: 8.686868686868687
